Using pre-set license
Built from '2020.2/staging' branch; Version is '2020.2.3f1 (8ff31bc5bf5b) revision 9433883'; Using compiler version '192528614'; Build Type 'Release'
OS: 'Windows 10 Home; OS build 19041.804; Version 2004; 64bit' Language: 'en' Physical Memory: 16303 MB
BatchMode: 1, IsHumanControllingUs: 0, StartBugReporterOnCrash: 0, Is64bit: 1, IsPro: 0

 COMMAND LINE ARGUMENTS:
C:\Program Files\Unity\Hub\Editor\2020.2.3f1\Editor\Unity.exe
-adb2
-batchMode
-noUpm
-name
AssetImportWorker0
-projectPath
G:/Summer Learning/Pathfinding
-logFile
Logs/AssetImportWorker0.log
-srvPort
64024
Successfully changed project path to: G:/Summer Learning/Pathfinding
G:/Summer Learning/Pathfinding
Using Asset Import Pipeline V2.
Refreshing native plugins compatible for Editor in 32.42 ms, found 1 plugins.
Preloading 0 native plugins for Editor in 0.00 ms.
Initialize engine version: 2020.2.3f1 (8ff31bc5bf5b)
[Subsystems] Discovering subsystems at path C:/Program Files/Unity/Hub/Editor/2020.2.3f1/Editor/Data/Resources/UnitySubsystems
[Subsystems] Discovering subsystems at path G:/Summer Learning/Pathfinding/Assets
GfxDevice: creating device client; threaded=0
Direct3D:
    Version:  Direct3D 11.0 [level 11.1]
    Renderer: NVIDIA GeForce RTX 2070 SUPER (ID=0x1e84)
    Vendor:   
    VRAM:     8011 MB
    Driver:   27.21.14.6140
Initialize mono
Mono path[0] = 'C:/Program Files/Unity/Hub/Editor/2020.2.3f1/Editor/Data/Managed'
Mono path[1] = 'C:/Program Files/Unity/Hub/Editor/2020.2.3f1/Editor/Data/MonoBleedingEdge/lib/mono/unityjit'
Mono config path = 'C:/Program Files/Unity/Hub/Editor/2020.2.3f1/Editor/Data/MonoBleedingEdge/etc'
Using monoOptions --debugger-agent=transport=dt_socket,embedding=1,server=y,suspend=n,address=127.0.0.1:56492
Begin MonoManager ReloadAssembly
Registering precompiled unity dll's ...
Register platform support module: C:/Program Files/Unity/Hub/Editor/2020.2.3f1/Editor/Data/PlaybackEngines/WebGLSupport/UnityEditor.WebGL.Extensions.dll
Register platform support module: C:/Program Files/Unity/Hub/Editor/2020.2.3f1/Editor/Data/PlaybackEngines/WindowsStandaloneSupport/UnityEditor.WindowsStandalone.Extensions.dll
Registered in 0.002039 seconds.
Native extension for WindowsStandalone target not found
Native extension for WebGL target not found
Refreshing native plugins compatible for Editor in 30.85 ms, found 1 plugins.
Preloading 0 native plugins for Editor in 0.00 ms.
Invoked RoslynAnalysisRunner static constructor.
RoslynAnalysisRunner will not be running.
RoslynAnalysisRunner has terminated.
Mono: successfully reloaded assembly
- Completed reload, in  1.728 seconds
Platform modules already initialized, skipping
Registering precompiled user dll's ...
Registered in 0.000799 seconds.
Begin MonoManager ReloadAssembly
Native extension for WindowsStandalone target not found
Native extension for WebGL target not found
Refreshing native plugins compatible for Editor in 29.99 ms, found 1 plugins.
Preloading 0 native plugins for Editor in 0.00 ms.
Invoked RoslynAnalysisRunner static constructor.
RoslynAnalysisRunner will not be running.
RoslynAnalysisRunner has terminated.
Mono: successfully reloaded assembly
- Completed reload, in  0.772 seconds
Platform modules already initialized, skipping
========================================================================
Worker process is ready to serve import requests
Launched and connected shader compiler UnityShaderCompiler.exe after 0.05 seconds
Refreshing native plugins compatible for Editor in 0.36 ms, found 1 plugins.
Preloading 0 native plugins for Editor in 0.00 ms.
Unloading 1819 Unused Serialized files (Serialized files now loaded: 0)
System memory in use before: 84.9 MB.
System memory in use after: 84.8 MB.

Unloading 24 unused Assets to reduce memory usage. Loaded Objects now: 2260.
Total: 2.786500 ms (FindLiveObjects: 0.608900 ms CreateObjectMapping: 0.195800 ms MarkObjects: 1.748900 ms  DeleteObjects: 0.231700 ms)

========================================================================
Received Import Request.
  path: Assets/Pathfinding/Scripts
  artifactKey: Guid(bb7c042724e31b84c89e682bf72a080a) Importer(815301076,1909f56bfc062723c751e8b465ee728b)
Start importing Assets/Pathfinding/Scripts using Guid(bb7c042724e31b84c89e682bf72a080a) Importer(815301076,1909f56bfc062723c751e8b465ee728b)  -> (artifact id: '0a7b8ca2abac31be30a5a1ce055b2288') in 0.023947 seconds
  Import took 0.026304 seconds .

========================================================================
Received Import Request.
  Time since last request: 0.000410 seconds.
  path: Assets/Pathfinding
  artifactKey: Guid(71817a03f3b253e40bb1e2d5c23f1b22) Importer(815301076,1909f56bfc062723c751e8b465ee728b)
Start importing Assets/Pathfinding using Guid(71817a03f3b253e40bb1e2d5c23f1b22) Importer(815301076,1909f56bfc062723c751e8b465ee728b)  -> (artifact id: 'fd14d7f9fcd25b3cfefd1f264a68db4f') in 0.006431 seconds
  Import took 0.009123 seconds .

========================================================================
Received Import Request.
  Time since last request: 3.905600 seconds.
  path: Assets/Pathfinding/Scripts/Pathfinding.cs
  artifactKey: Guid(3f6a150af1d98ed478d008b8b5f6233f) Importer(815301076,1909f56bfc062723c751e8b465ee728b)
Start importing Assets/Pathfinding/Scripts/Pathfinding.cs using Guid(3f6a150af1d98ed478d008b8b5f6233f) Importer(815301076,1909f56bfc062723c751e8b465ee728b)  -> (artifact id: '1494bbc3bf3ad30622ff399c8c011197') in 0.029557 seconds
  Import took 0.043890 seconds .

========================================================================
Received Import Request.
  Time since last request: 19.364420 seconds.
  path: Assets/GridMap/Scripts/Pathfinding.cs
  artifactKey: Guid(c45e5cb5419591b46b22a17a10c7be45) Importer(815301076,1909f56bfc062723c751e8b465ee728b)
Start importing Assets/GridMap/Scripts/Pathfinding.cs using Guid(c45e5cb5419591b46b22a17a10c7be45) Importer(815301076,1909f56bfc062723c751e8b465ee728b)  -> (artifact id: '9917bcd9f97e90d0be6ed89128106239') in 0.003566 seconds
  Import took 0.027028 seconds .

========================================================================
Received Import Request.
  Time since last request: 37.121915 seconds.
  path: Assets/GridMap/Scripts/Pathfinding.cs
  artifactKey: Guid(c45e5cb5419591b46b22a17a10c7be45) Importer(815301076,1909f56bfc062723c751e8b465ee728b)
Start importing Assets/GridMap/Scripts/Pathfinding.cs using Guid(c45e5cb5419591b46b22a17a10c7be45) Importer(815301076,1909f56bfc062723c751e8b465ee728b)  -> (artifact id: '0fc14c5d5c9e9a65e21a665d4b0cda87') in 0.003262 seconds
  Import took 0.059101 seconds .

========================================================================
Received Prepare
Registering precompiled user dll's ...
Registered in 0.000899 seconds.
Begin MonoManager ReloadAssembly
Native extension for WindowsStandalone target not found
Native extension for WebGL target not found
Refreshing native plugins compatible for Editor in 0.31 ms, found 1 plugins.
Preloading 0 native plugins for Editor in 0.00 ms.
Invoked RoslynAnalysisRunner static constructor.
RoslynAnalysisRunner will not be running.
RoslynAnalysisRunner has terminated.
Mono: successfully reloaded assembly
- Completed reload, in  0.723 seconds
Platform modules already initialized, skipping
Refreshing native plugins compatible for Editor in 0.30 ms, found 1 plugins.
Preloading 0 native plugins for Editor in 0.00 ms.
Unloading 1812 Unused Serialized files (Serialized files now loaded: 0)
System memory in use before: 84.8 MB.
System memory in use after: 84.8 MB.

Unloading 14 unused Assets to reduce memory usage. Loaded Objects now: 2261.
Total: 1.615500 ms (FindLiveObjects: 0.163300 ms CreateObjectMapping: 0.052400 ms MarkObjects: 1.303300 ms  DeleteObjects: 0.095600 ms)

========================================================================
Received Prepare
Registering precompiled user dll's ...
Registered in 0.000864 seconds.
Begin MonoManager ReloadAssembly
Native extension for WindowsStandalone target not found
Native extension for WebGL target not found
Refreshing native plugins compatible for Editor in 0.64 ms, found 1 plugins.
Preloading 0 native plugins for Editor in 0.00 ms.
Invoked RoslynAnalysisRunner static constructor.
RoslynAnalysisRunner will not be running.
RoslynAnalysisRunner has terminated.
Mono: successfully reloaded assembly
- Completed reload, in  0.845 seconds
Platform modules already initialized, skipping
Refreshing native plugins compatible for Editor in 0.38 ms, found 1 plugins.
Preloading 0 native plugins for Editor in 0.00 ms.
Unloading 1812 Unused Serialized files (Serialized files now loaded: 0)
System memory in use before: 84.8 MB.
System memory in use after: 84.8 MB.

Unloading 12 unused Assets to reduce memory usage. Loaded Objects now: 2264.
Total: 1.985200 ms (FindLiveObjects: 0.239200 ms CreateObjectMapping: 0.091600 ms MarkObjects: 1.555100 ms  DeleteObjects: 0.098500 ms)

AssetImportWorkerClient::OnTransportError - code=2 error=End of file
