Using pre-set license
Built from '2020.2/staging' branch; Version is '2020.2.3f1 (8ff31bc5bf5b) revision 9433883'; Using compiler version '192528614'; Build Type 'Release'
OS: 'Windows 10 Home; OS build 19041.804; Version 2004; 64bit' Language: 'en' Physical Memory: 16303 MB
BatchMode: 1, IsHumanControllingUs: 0, StartBugReporterOnCrash: 0, Is64bit: 1, IsPro: 0

 COMMAND LINE ARGUMENTS:
C:\Program Files\Unity\Hub\Editor\2020.2.3f1\Editor\Unity.exe
-adb2
-batchMode
-noUpm
-name
AssetImportWorker0
-projectPath
G:/Summer Learning/Pathfinding
-logFile
Logs/AssetImportWorker0.log
-srvPort
50239
Successfully changed project path to: G:/Summer Learning/Pathfinding
G:/Summer Learning/Pathfinding
Using Asset Import Pipeline V2.
Refreshing native plugins compatible for Editor in 35.57 ms, found 1 plugins.
Preloading 0 native plugins for Editor in 0.00 ms.
Initialize engine version: 2020.2.3f1 (8ff31bc5bf5b)
[Subsystems] Discovering subsystems at path C:/Program Files/Unity/Hub/Editor/2020.2.3f1/Editor/Data/Resources/UnitySubsystems
[Subsystems] Discovering subsystems at path G:/Summer Learning/Pathfinding/Assets
GfxDevice: creating device client; threaded=0
Direct3D:
    Version:  Direct3D 11.0 [level 11.1]
    Renderer: NVIDIA GeForce RTX 2070 SUPER (ID=0x1e84)
    Vendor:   
    VRAM:     8011 MB
    Driver:   27.21.14.6140
Initialize mono
Mono path[0] = 'C:/Program Files/Unity/Hub/Editor/2020.2.3f1/Editor/Data/Managed'
Mono path[1] = 'C:/Program Files/Unity/Hub/Editor/2020.2.3f1/Editor/Data/MonoBleedingEdge/lib/mono/unityjit'
Mono config path = 'C:/Program Files/Unity/Hub/Editor/2020.2.3f1/Editor/Data/MonoBleedingEdge/etc'
Using monoOptions --debugger-agent=transport=dt_socket,embedding=1,server=y,suspend=n,address=127.0.0.1:56152
Begin MonoManager ReloadAssembly
Registering precompiled unity dll's ...
Register platform support module: C:/Program Files/Unity/Hub/Editor/2020.2.3f1/Editor/Data/PlaybackEngines/WebGLSupport/UnityEditor.WebGL.Extensions.dll
Register platform support module: C:/Program Files/Unity/Hub/Editor/2020.2.3f1/Editor/Data/PlaybackEngines/WindowsStandaloneSupport/UnityEditor.WindowsStandalone.Extensions.dll
Registered in 0.002391 seconds.
Native extension for WindowsStandalone target not found
Native extension for WebGL target not found
Refreshing native plugins compatible for Editor in 28.75 ms, found 1 plugins.
Preloading 0 native plugins for Editor in 0.00 ms.
Invoked RoslynAnalysisRunner static constructor.
RoslynAnalysisRunner will not be running.
RoslynAnalysisRunner has terminated.
Mono: successfully reloaded assembly
- Completed reload, in  1.657 seconds
Platform modules already initialized, skipping
Registering precompiled user dll's ...
Registered in 0.000803 seconds.
Begin MonoManager ReloadAssembly
Native extension for WindowsStandalone target not found
Native extension for WebGL target not found
Refreshing native plugins compatible for Editor in 28.75 ms, found 1 plugins.
Preloading 0 native plugins for Editor in 0.00 ms.
Invoked RoslynAnalysisRunner static constructor.
RoslynAnalysisRunner will not be running.
RoslynAnalysisRunner has terminated.
Mono: successfully reloaded assembly
- Completed reload, in  0.737 seconds
Platform modules already initialized, skipping
========================================================================
Worker process is ready to serve import requests
Launched and connected shader compiler UnityShaderCompiler.exe after 0.05 seconds
Refreshing native plugins compatible for Editor in 0.36 ms, found 1 plugins.
Preloading 0 native plugins for Editor in 0.00 ms.
Unloading 1817 Unused Serialized files (Serialized files now loaded: 0)
System memory in use before: 85.0 MB.
System memory in use after: 85.0 MB.

Unloading 24 unused Assets to reduce memory usage. Loaded Objects now: 2258.
Total: 1.655500 ms (FindLiveObjects: 0.179500 ms CreateObjectMapping: 0.067900 ms MarkObjects: 1.308400 ms  DeleteObjects: 0.099000 ms)

========================================================================
Received Import Request.
  path: Assets/GridMap/Scripts/Grid.cs
  artifactKey: Guid(8576d293bd091e64aa057b3e951af0fb) Importer(815301076,1909f56bfc062723c751e8b465ee728b)
Start importing Assets/GridMap/Scripts/Grid.cs using Guid(8576d293bd091e64aa057b3e951af0fb) Importer(815301076,1909f56bfc062723c751e8b465ee728b)  -> (artifact id: 'cb9355bf36e0f609cb2536296da9bbb8') in 0.034657 seconds
  Import took 0.046808 seconds .

========================================================================
Received Prepare
Registering precompiled user dll's ...
Registered in 0.000827 seconds.
Begin MonoManager ReloadAssembly
Native extension for WindowsStandalone target not found
Native extension for WebGL target not found
Refreshing native plugins compatible for Editor in 0.32 ms, found 1 plugins.
Preloading 0 native plugins for Editor in 0.00 ms.
Invoked RoslynAnalysisRunner static constructor.
RoslynAnalysisRunner will not be running.
RoslynAnalysisRunner has terminated.
Mono: successfully reloaded assembly
- Completed reload, in  0.672 seconds
Platform modules already initialized, skipping
Refreshing native plugins compatible for Editor in 0.29 ms, found 1 plugins.
Preloading 0 native plugins for Editor in 0.00 ms.
Unloading 1812 Unused Serialized files (Serialized files now loaded: 0)
System memory in use before: 85.0 MB.
System memory in use after: 85.0 MB.

Unloading 12 unused Assets to reduce memory usage. Loaded Objects now: 2261.
Total: 1.831800 ms (FindLiveObjects: 0.165900 ms CreateObjectMapping: 0.058400 ms MarkObjects: 1.519500 ms  DeleteObjects: 0.087000 ms)

========================================================================
Received Import Request.
  Time since last request: 20.574320 seconds.
  path: Assets/GridMap/Scripts/Grid.cs
  artifactKey: Guid(8576d293bd091e64aa057b3e951af0fb) Importer(815301076,1909f56bfc062723c751e8b465ee728b)
Start importing Assets/GridMap/Scripts/Grid.cs using Guid(8576d293bd091e64aa057b3e951af0fb) Importer(815301076,1909f56bfc062723c751e8b465ee728b)  -> (artifact id: '3105d7f886d887bce69fef185272a61c') in 0.003751 seconds
  Import took 0.006430 seconds .

========================================================================
Received Import Request.
  Time since last request: 0.001163 seconds.
  path: Assets/GridMap/Scripts/Grid.cs
  artifactKey: Guid(8576d293bd091e64aa057b3e951af0fb) Importer(815301076,1909f56bfc062723c751e8b465ee728b)
Start importing Assets/GridMap/Scripts/Grid.cs using Guid(8576d293bd091e64aa057b3e951af0fb) Importer(815301076,1909f56bfc062723c751e8b465ee728b)  -> (artifact id: '3105d7f886d887bce69fef185272a61c') in 0.001911 seconds
  Import took 0.004666 seconds .

========================================================================
Received Prepare
Registering precompiled user dll's ...
Registered in 0.001085 seconds.
Begin MonoManager ReloadAssembly
Native extension for WindowsStandalone target not found
Native extension for WebGL target not found
Refreshing native plugins compatible for Editor in 0.30 ms, found 1 plugins.
Preloading 0 native plugins for Editor in 0.00 ms.
Invoked RoslynAnalysisRunner static constructor.
RoslynAnalysisRunner will not be running.
RoslynAnalysisRunner has terminated.
Mono: successfully reloaded assembly
- Completed reload, in  0.719 seconds
Platform modules already initialized, skipping
Refreshing native plugins compatible for Editor in 0.34 ms, found 1 plugins.
Preloading 0 native plugins for Editor in 0.00 ms.
Unloading 1812 Unused Serialized files (Serialized files now loaded: 0)
System memory in use before: 85.0 MB.
System memory in use after: 85.0 MB.

Unloading 12 unused Assets to reduce memory usage. Loaded Objects now: 2264.
Total: 1.627400 ms (FindLiveObjects: 0.144400 ms CreateObjectMapping: 0.048200 ms MarkObjects: 1.346100 ms  DeleteObjects: 0.088000 ms)

========================================================================
Received Import Request.
  Time since last request: 158.634907 seconds.
  path: Assets/GridMap/Scripts/Testing.cs
  artifactKey: Guid(2cde6b0c871f2f84bbbe9e9a02601b0c) Importer(815301076,1909f56bfc062723c751e8b465ee728b)
Start importing Assets/GridMap/Scripts/Testing.cs using Guid(2cde6b0c871f2f84bbbe9e9a02601b0c) Importer(815301076,1909f56bfc062723c751e8b465ee728b)  -> (artifact id: '80a2874e8e7802b8b39f0de968b65179') in 0.007986 seconds
  Import took 0.011718 seconds .

========================================================================
Received Prepare
Registering precompiled user dll's ...
Registered in 0.000850 seconds.
Begin MonoManager ReloadAssembly
Native extension for WindowsStandalone target not found
Native extension for WebGL target not found
Refreshing native plugins compatible for Editor in 0.33 ms, found 1 plugins.
Preloading 0 native plugins for Editor in 0.00 ms.
Invoked RoslynAnalysisRunner static constructor.
RoslynAnalysisRunner will not be running.
RoslynAnalysisRunner has terminated.
Mono: successfully reloaded assembly
- Completed reload, in  0.688 seconds
Platform modules already initialized, skipping
Refreshing native plugins compatible for Editor in 0.29 ms, found 1 plugins.
Preloading 0 native plugins for Editor in 0.00 ms.
Unloading 1812 Unused Serialized files (Serialized files now loaded: 0)
System memory in use before: 85.1 MB.
System memory in use after: 85.1 MB.

Unloading 12 unused Assets to reduce memory usage. Loaded Objects now: 2267.
Total: 2.076600 ms (FindLiveObjects: 0.209200 ms CreateObjectMapping: 0.096200 ms MarkObjects: 1.672800 ms  DeleteObjects: 0.097500 ms)

========================================================================
Received Import Request.
  Time since last request: 115.613688 seconds.
  path: Assets/GridMap/Scripts/Testing.cs
  artifactKey: Guid(2cde6b0c871f2f84bbbe9e9a02601b0c) Importer(815301076,1909f56bfc062723c751e8b465ee728b)
Start importing Assets/GridMap/Scripts/Testing.cs using Guid(2cde6b0c871f2f84bbbe9e9a02601b0c) Importer(815301076,1909f56bfc062723c751e8b465ee728b)  -> (artifact id: '85c0dde4e0325e052e031c6b694845fb') in 0.004175 seconds
  Import took 0.006707 seconds .

========================================================================
Received Import Request.
  Time since last request: 688.925828 seconds.
  path: Assets/Pathfinding
  artifactKey: Guid(71817a03f3b253e40bb1e2d5c23f1b22) Importer(815301076,1909f56bfc062723c751e8b465ee728b)
Start importing Assets/Pathfinding using Guid(71817a03f3b253e40bb1e2d5c23f1b22) Importer(815301076,1909f56bfc062723c751e8b465ee728b)  -> (artifact id: 'fd14d7f9fcd25b3cfefd1f264a68db4f') in 0.007825 seconds
  Import took 0.010739 seconds .

========================================================================
Received Import Request.
  Time since last request: 1.591132 seconds.
  path: Assets/Pathfinding/Scripts
  artifactKey: Guid(bb7c042724e31b84c89e682bf72a080a) Importer(815301076,1909f56bfc062723c751e8b465ee728b)
Start importing Assets/Pathfinding/Scripts using Guid(bb7c042724e31b84c89e682bf72a080a) Importer(815301076,1909f56bfc062723c751e8b465ee728b)  -> (artifact id: '0a7b8ca2abac31be30a5a1ce055b2288') in 0.022705 seconds
  Import took 0.025202 seconds .

========================================================================
Received Import Request.
  Time since last request: 1.675172 seconds.
  path: Assets/Pathfinding/Scripts/Testing.cs
  artifactKey: Guid(513a8d6027c4e984c9ea9691414fd4cb) Importer(815301076,1909f56bfc062723c751e8b465ee728b)
Start importing Assets/Pathfinding/Scripts/Testing.cs using Guid(513a8d6027c4e984c9ea9691414fd4cb) Importer(815301076,1909f56bfc062723c751e8b465ee728b)  -> (artifact id: 'd9801fadbfee58f722401d1fcff9addc') in 0.007737 seconds
  Import took 0.010554 seconds .

========================================================================
Received Import Request.
  Time since last request: 0.000280 seconds.
  path: Assets/Pathfinding/Scripts/Testing.cs
  artifactKey: Guid(513a8d6027c4e984c9ea9691414fd4cb) Importer(815301076,1909f56bfc062723c751e8b465ee728b)
Start importing Assets/Pathfinding/Scripts/Testing.cs using Guid(513a8d6027c4e984c9ea9691414fd4cb) Importer(815301076,1909f56bfc062723c751e8b465ee728b)  -> (artifact id: 'd9801fadbfee58f722401d1fcff9addc') in 0.002391 seconds
  Import took 0.008016 seconds .

========================================================================
Received Import Request.
  Time since last request: 18.460561 seconds.
  path: Assets/Pathfinding/Scripts/Pathfinding.cs
  artifactKey: Guid(3f6a150af1d98ed478d008b8b5f6233f) Importer(815301076,1909f56bfc062723c751e8b465ee728b)
Start importing Assets/Pathfinding/Scripts/Pathfinding.cs using Guid(3f6a150af1d98ed478d008b8b5f6233f) Importer(815301076,1909f56bfc062723c751e8b465ee728b)  -> (artifact id: '1494bbc3bf3ad30622ff399c8c011197') in 0.002680 seconds
  Import took 0.005881 seconds .

========================================================================
Received Prepare
Registering precompiled user dll's ...
Registered in 0.024595 seconds.
Begin MonoManager ReloadAssembly
Native extension for WindowsStandalone target not found
Native extension for WebGL target not found
Refreshing native plugins compatible for Editor in 0.30 ms, found 1 plugins.
Preloading 0 native plugins for Editor in 0.00 ms.
Invoked RoslynAnalysisRunner static constructor.
RoslynAnalysisRunner will not be running.
RoslynAnalysisRunner has terminated.
Mono: successfully reloaded assembly
- Completed reload, in  0.676 seconds
Platform modules already initialized, skipping
Refreshing native plugins compatible for Editor in 0.34 ms, found 1 plugins.
Preloading 0 native plugins for Editor in 0.00 ms.
Unloading 1812 Unused Serialized files (Serialized files now loaded: 0)
System memory in use before: 85.1 MB.
System memory in use after: 85.1 MB.

Unloading 12 unused Assets to reduce memory usage. Loaded Objects now: 2270.
Total: 1.676900 ms (FindLiveObjects: 0.138800 ms CreateObjectMapping: 0.044800 ms MarkObjects: 1.402300 ms  DeleteObjects: 0.090200 ms)

========================================================================
Received Prepare
Registering precompiled user dll's ...
Registered in 0.001285 seconds.
Begin MonoManager ReloadAssembly
Native extension for WindowsStandalone target not found
Native extension for WebGL target not found
Refreshing native plugins compatible for Editor in 0.33 ms, found 1 plugins.
Preloading 0 native plugins for Editor in 0.00 ms.
Invoked RoslynAnalysisRunner static constructor.
RoslynAnalysisRunner will not be running.
RoslynAnalysisRunner has terminated.
Mono: successfully reloaded assembly
- Completed reload, in  0.679 seconds
Platform modules already initialized, skipping
Refreshing native plugins compatible for Editor in 0.30 ms, found 1 plugins.
Preloading 0 native plugins for Editor in 0.00 ms.
Unloading 1812 Unused Serialized files (Serialized files now loaded: 0)
System memory in use before: 85.1 MB.
System memory in use after: 85.1 MB.

Unloading 12 unused Assets to reduce memory usage. Loaded Objects now: 2273.
Total: 1.675500 ms (FindLiveObjects: 0.175500 ms CreateObjectMapping: 0.067700 ms MarkObjects: 1.343600 ms  DeleteObjects: 0.087900 ms)

========================================================================
Received Prepare
Registering precompiled user dll's ...
Registered in 0.000862 seconds.
Begin MonoManager ReloadAssembly
Native extension for WindowsStandalone target not found
Native extension for WebGL target not found
Refreshing native plugins compatible for Editor in 0.30 ms, found 1 plugins.
Preloading 0 native plugins for Editor in 0.00 ms.
Invoked RoslynAnalysisRunner static constructor.
RoslynAnalysisRunner will not be running.
RoslynAnalysisRunner has terminated.
Mono: successfully reloaded assembly
- Completed reload, in  0.702 seconds
Platform modules already initialized, skipping
Refreshing native plugins compatible for Editor in 0.36 ms, found 1 plugins.
Preloading 0 native plugins for Editor in 0.00 ms.
Unloading 1812 Unused Serialized files (Serialized files now loaded: 0)
System memory in use before: 85.1 MB.
System memory in use after: 85.1 MB.

Unloading 12 unused Assets to reduce memory usage. Loaded Objects now: 2276.
Total: 1.623800 ms (FindLiveObjects: 0.181500 ms CreateObjectMapping: 0.057100 ms MarkObjects: 1.295600 ms  DeleteObjects: 0.088300 ms)

========================================================================
Received Prepare
Registering precompiled user dll's ...
Registered in 0.000847 seconds.
Begin MonoManager ReloadAssembly
Native extension for WindowsStandalone target not found
Native extension for WebGL target not found
Refreshing native plugins compatible for Editor in 0.30 ms, found 1 plugins.
Preloading 0 native plugins for Editor in 0.00 ms.
Invoked RoslynAnalysisRunner static constructor.
RoslynAnalysisRunner will not be running.
RoslynAnalysisRunner has terminated.
Mono: successfully reloaded assembly
- Completed reload, in  0.703 seconds
Platform modules already initialized, skipping
Refreshing native plugins compatible for Editor in 0.30 ms, found 1 plugins.
Preloading 0 native plugins for Editor in 0.00 ms.
Unloading 1812 Unused Serialized files (Serialized files now loaded: 0)
System memory in use before: 85.1 MB.
System memory in use after: 85.1 MB.

Unloading 12 unused Assets to reduce memory usage. Loaded Objects now: 2279.
Total: 1.532200 ms (FindLiveObjects: 0.172100 ms CreateObjectMapping: 0.059500 ms MarkObjects: 1.212000 ms  DeleteObjects: 0.087600 ms)

========================================================================
Received Prepare
Registering precompiled user dll's ...
Registered in 0.000826 seconds.
Begin MonoManager ReloadAssembly
Native extension for WindowsStandalone target not found
Native extension for WebGL target not found
Refreshing native plugins compatible for Editor in 0.46 ms, found 1 plugins.
Preloading 0 native plugins for Editor in 0.00 ms.
Invoked RoslynAnalysisRunner static constructor.
RoslynAnalysisRunner will not be running.
RoslynAnalysisRunner has terminated.
Mono: successfully reloaded assembly
- Completed reload, in  0.694 seconds
Platform modules already initialized, skipping
Refreshing native plugins compatible for Editor in 0.37 ms, found 1 plugins.
Preloading 0 native plugins for Editor in 0.00 ms.
Unloading 1812 Unused Serialized files (Serialized files now loaded: 0)
System memory in use before: 85.1 MB.
System memory in use after: 85.1 MB.

Unloading 12 unused Assets to reduce memory usage. Loaded Objects now: 2282.
Total: 2.308600 ms (FindLiveObjects: 0.207400 ms CreateObjectMapping: 0.121700 ms MarkObjects: 1.830800 ms  DeleteObjects: 0.147500 ms)

========================================================================
Received Prepare
Registering precompiled user dll's ...
Registered in 0.000981 seconds.
Begin MonoManager ReloadAssembly
Native extension for WindowsStandalone target not found
Native extension for WebGL target not found
Refreshing native plugins compatible for Editor in 0.30 ms, found 1 plugins.
Preloading 0 native plugins for Editor in 0.00 ms.
Invoked RoslynAnalysisRunner static constructor.
RoslynAnalysisRunner will not be running.
RoslynAnalysisRunner has terminated.
Mono: successfully reloaded assembly
- Completed reload, in  0.686 seconds
Platform modules already initialized, skipping
Refreshing native plugins compatible for Editor in 0.31 ms, found 1 plugins.
Preloading 0 native plugins for Editor in 0.00 ms.
Unloading 1812 Unused Serialized files (Serialized files now loaded: 0)
System memory in use before: 85.1 MB.
System memory in use after: 85.1 MB.

Unloading 12 unused Assets to reduce memory usage. Loaded Objects now: 2285.
Total: 1.657700 ms (FindLiveObjects: 0.146900 ms CreateObjectMapping: 0.051900 ms MarkObjects: 1.373500 ms  DeleteObjects: 0.084500 ms)

========================================================================
Received Prepare
Registering precompiled user dll's ...
Registered in 0.001171 seconds.
Begin MonoManager ReloadAssembly
Native extension for WindowsStandalone target not found
Native extension for WebGL target not found
Refreshing native plugins compatible for Editor in 0.31 ms, found 1 plugins.
Preloading 0 native plugins for Editor in 0.00 ms.
Invoked RoslynAnalysisRunner static constructor.
RoslynAnalysisRunner will not be running.
RoslynAnalysisRunner has terminated.
Mono: successfully reloaded assembly
- Completed reload, in  0.655 seconds
Platform modules already initialized, skipping
Refreshing native plugins compatible for Editor in 0.31 ms, found 1 plugins.
Preloading 0 native plugins for Editor in 0.00 ms.
Unloading 1812 Unused Serialized files (Serialized files now loaded: 0)
System memory in use before: 85.1 MB.
System memory in use after: 85.1 MB.

Unloading 12 unused Assets to reduce memory usage. Loaded Objects now: 2288.
Total: 1.681200 ms (FindLiveObjects: 0.153200 ms CreateObjectMapping: 0.054600 ms MarkObjects: 1.386800 ms  DeleteObjects: 0.085700 ms)

AssetImportWorkerClient::OnTransportError - code=2 error=End of file
